<?xml version="1.0" encoding="utf-8"?><testsuites name="pytest tests"><testsuite name="pytest" errors="0" failures="0" skipped="9" tests="804" time="12.871" timestamp="2026-08-11T16:15:39.936560+08:00" hostname="Hush-mind"><testcase classname="tests.e2e.test_browser_workflow" name="test_browser_workflow_uses_fake_executor_without_touching_a_real_run" time="0.000"><skipped type="pytest.skip" message="requires --run-e2e">/tmp/willy-regression-mvr0zkap/repo/tests/e2e/test_browser_workflow.py:69: requires --run-e2e</skipped></testcase><testcase classname="tests.test_action_contract" name="test_default_catalog_covers_every_schema_and_declares_effects" time="0.002" /><testcase classname="tests.test_action_contract" name="test_proposal_is_json_safe_and_nested_arguments_are_immutable" time="0.001" /><testcase classname="tests.test_action_contract" name="test_validation_requires_matching_enabled_declaration" time="0.001" /><testcase classname="tests.test_action_contract" name="test_executed_action_round_trip_does_not_accept_raw_output" time="0.000" /><testcase classname="tests.test_action_contract" name="test_read_only_declaration_cannot_claim_mutation" time="0.000" /><testcase classname="tests.test_action_contract" name="test_parameter_effect_raises_the_effect_of_a_specific_call" time="0.000" /><testcase classname="tests.test_agent_config" name="test_text_confirmation_starts_the_pending_plan_without_an_llm" time="0.000" /><testcase classname="tests.test_agent_config" name="test_text_confirmation_without_a_pending_plan_does_not_start" time="0.004" /><testcase classname="tests.test_agent_config" name="test_start_pipeline_rejects_validation_issues_before_reserving_a_run" time="0.007" /><testcase classname="tests.test_agent_config" name="test_new_failed_request_clears_an_older_pending_plan" time="0.010" /><testcase classname="tests.test_agent_config" name="test_pending_plan_revision_sends_frozen_context_and_replaces_plan" time="0.005" /><testcase classname="tests.test_agent_config" name="test_pending_plan_question_keeps_plan_and_sends_context_to_llm" time="0.001" /><testcase classname="tests.test_agent_config" name="test_confirmation_after_pending_plan_question_still_uses_original_plan" time="0.000" /><testcase classname="tests.test_agent_config" name="test_pending_plan_requires_its_own_latest_summary" time="0.000" /><testcase classname="tests.test_agent_config" name="test_summary_uses_mass_density_default_prompt" time="0.000" /><testcase classname="tests.test_agent_config" name="test_remote_selection_is_server_validated_and_frozen_into_new_plan" time="0.001" /><testcase classname="tests.test_agent_config" name="test_unregistered_remote_selection_blocks_plan_generation" time="0.001" /><testcase classname="tests.test_agent_config" name="test_confirmation_rejects_remote_selection_changed_after_plan" time="0.000" /><testcase classname="tests.test_agent_config" name="test_remote_profile_never_silently_falls_back_to_local_launch" time="0.000" /><testcase classname="tests.test_app_ui" name="test_visualization_panel_refreshes_current_run_structures_on_focus" time="0.011" /><testcase classname="tests.test_app_ui" name="test_visualization_refresh_keeps_a_current_filename_or_uses_the_first_choice" time="0.000" /><testcase classname="tests.test_app_ui" name="test_visualization_run_and_file_selectors_refresh_independently" time="0.000" /><testcase classname="tests.test_app_ui" name="test_proposal_example_is_a_textbox_placeholder_only" time="0.010" /><testcase classname="tests.test_app_ui" name="test_proposal_welcome_bubble_includes_execution_mode" time="0.010" /><testcase classname="tests.test_app_ui" name="test_assistant_chat_and_input_rows_share_bottom_alignment_contract" time="0.008" /><testcase classname="tests.test_app_ui" name="test_run_assistant_disables_gradio_consecutive_message_grouping" time="0.008" /><testcase classname="tests.test_app_ui" name="test_run_assistant_filters_visual_events_from_llm_history" time="0.001" /><testcase classname="tests.test_app_ui" name="test_stop_control_uses_server_side_confirmation_without_cleanup_choices" time="0.009" /><testcase classname="tests.test_app_ui" name="test_stop_control_only_dispatches_after_second_server_side_confirmation" time="0.000" /><testcase classname="tests.test_app_ui" name="test_stop_control_stays_interactive_when_backend_does_not_acknowledge" time="0.000" /><testcase classname="tests.test_app_ui" name="test_task_workspace_has_four_equal_height_panels_and_chart_placeholder" time="0.008" /><testcase classname="tests.test_app_ui" name="test_application_title_is_consistent_across_ui_surfaces" time="0.012" /><testcase classname="tests.test_app_ui" name="test_about_tab_exposes_project_summary_and_official_account_qr_code" time="0.015" /><testcase classname="tests.test_app_ui" name="test_beginner_guide_sits_between_configuration_and_about_tabs" time="0.006" /><testcase classname="tests.test_app_ui" name="test_configuration_tab_exposes_generic_llm_fields" time="0.020" /><testcase classname="tests.test_app_ui" name="test_llm_connection_action_shows_loading_and_public_success_or_failure" time="0.000" /><testcase classname="tests.test_app_ui" name="test_saving_llm_config_does_not_trigger_connection_test" time="0.000" /><testcase classname="tests.test_app_ui" name="test_llm_configuration_exposes_mutually_exclusive_managed_controls" time="0.011" /><testcase classname="tests.test_app_ui" name="test_managed_mode_switch_and_self_service_registration" time="0.000" /><testcase classname="tests.test_app_ui" name="test_theme_toggle_is_a_borderless_fixed_control_at_the_bottom_right" time="0.000" /><testcase classname="tests.test_app_ui" name="test_ui_controls_use_one_cjk_capable_font_stack_for_chinese_and_latin_text" time="0.000" /><testcase classname="tests.test_app_ui" name="test_header_reserves_scrollbar_space_to_keep_its_title_fixed_across_tabs" time="0.000" /><testcase classname="tests.test_app_ui" name="test_proposal_chat_locks_controls_until_streaming_response_finishes" time="0.000" /><testcase classname="tests.test_app_ui" name="test_proposal_chat_is_text_only_and_does_not_mutate_history" time="0.000" /><testcase classname="tests.test_app_ui" name="test_task_page_uses_text_confirmation_without_a_click_bridge" time="0.007" /><testcase classname="tests.test_app_ui" name="test_structure_upload_accepts_orca_input_files" time="0.006" /><testcase classname="tests.test_app_ui" name="test_run_assistant_shows_message_before_waiting_for_reply" time="0.002" /><testcase classname="tests.test_app_ui" name="test_run_assistant_resets_browser_history_when_run_changes" time="0.001" /><testcase classname="tests.test_app_ui" name="test_run_assistant_refresh_updates_one_status_bubble_without_growing_history" time="0.000" /><testcase classname="tests.test_app_ui" name="test_run_assistant_seals_status_and_appends_distinct_failure_events" time="0.000" /><testcase classname="tests.test_app_ui" name="test_run_assistant_appends_a_new_status_after_confirmed_repair" time="0.000" /><testcase classname="tests.test_app_ui" name="test_run_assistant_refresh_resets_old_dialogue_on_run_switch" time="0.000" /><testcase classname="tests.test_app_ui" name="test_run_assistant_text_stop_and_pause_never_call_stop_pipeline_or_llm" time="0.002" /><testcase classname="tests.test_app_ui" name="test_run_assistant_renders_status_and_adjustment_as_separate_safe_bubbles" time="0.000" /><testcase classname="tests.test_app_ui" name="test_pending_action_approval_uses_adapter_without_llm" time="0.001" /><testcase classname="tests.test_app_ui" name="test_pending_action_natural_approval_uses_adapter_without_llm" time="0.001" /><testcase classname="tests.test_app_ui" name="test_pending_action_controls_require_awaiting_confirmation" time="0.002" /><testcase classname="tests.test_app_ui" name="test_pending_action_revision_uses_backend_and_remains_pending" time="0.001" /><testcase classname="tests.test_app_ui" name="test_parameter_shorthand_is_revision_request_but_question_is_not" time="0.000" /><testcase classname="tests.test_app_ui" name="test_remote_task_tab_is_frozen_and_local_task_is_the_active_entry" time="0.010" /><testcase classname="tests.test_batch_report" name="test_batch_report_contains_only_fingerprints_versions_and_public_acceptance" time="0.002" /><testcase classname="tests.test_batch_report" name="test_batch_report_rejects_logs_commands_and_secrets[raw_log-do not publish]" time="0.001" /><testcase classname="tests.test_batch_report" name="test_batch_report_rejects_logs_commands_and_secrets[api_key-secret]" time="0.001" /><testcase classname="tests.test_batch_report" name="test_batch_report_rejects_logs_commands_and_secrets[command-gmx mdrun]" time="0.001" /><testcase classname="tests.test_batch_report" name="test_batch_report_rejects_logs_commands_and_secrets[note-Authorization: Bearer value]" time="0.002" /><testcase classname="tests.test_batch_report" name="test_batch_report_writer_is_json_and_atomic" time="0.002" /><testcase classname="tests.test_batch_report" name="test_artifact_must_be_relative_to_the_report_root" time="0.001" /><testcase classname="tests.test_env_checker.TestDepResult" name="test_construction" time="0.000" /><testcase classname="tests.test_env_checker.TestDepResult" name="test_needed_by_is_list" time="0.000" /><testcase classname="tests.test_env_checker.TestDepResult" name="test_default_status_is_ok" time="0.000" /><testcase classname="tests.test_env_checker.TestDepResult" name="test_status_values" time="0.000" /><testcase classname="tests.test_env_checker.TestEnvReport" name="test_empty_report" time="0.000" /><testcase classname="tests.test_env_checker.TestEnvReport" name="test_all_ok" time="0.000" /><testcase classname="tests.test_env_checker.TestEnvReport" name="test_some_missing" time="0.000" /><testcase classname="tests.test_env_checker.TestEnvReport" name="test_failed_strs_format" time="0.000" /><testcase classname="tests.test_env_checker.TestEnvReport" name="test_is_ok_with_module_filter" time="0.000" /><testcase classname="tests.test_env_checker.TestEnvReport" name="test_format_method" time="0.000" /><testcase classname="tests.test_env_checker.TestEnvReport" name="test_failed_strs_handles_no_exec" time="0.000" /><testcase classname="tests.test_env_checker.TestDependenciesDefinition" name="test_dependencies_defined" time="0.000" /><testcase classname="tests.test_env_checker.TestDependenciesDefinition" name="test_dependency_names_unique" time="0.000" /><testcase classname="tests.test_env_checker.TestDependenciesDefinition" name="test_dependencies_are_depresults" time="0.000" /><testcase classname="tests.test_env_checker.TestDependenciesDefinition" name="test_dependencies_have_kinds" time="0.000" /><testcase classname="tests.test_env_checker.TestDependenciesDefinition" name="test_dependencies_grouped_by_module" time="0.000" /><testcase classname="tests.test_env_checker.TestDependenciesDefinition" name="test_dependency_ownership_is_derived_from_execution_registry" time="0.000" /><testcase classname="tests.test_env_checker.TestDependenciesDefinition" name="test_envvar_dependencies_exist" time="0.000" /><testcase classname="tests.test_env_checker.TestCheckAll" name="test_check_all_returns_env_report" time="0.094" /><testcase classname="tests.test_env_checker.TestCheckAll" name="test_check_all_has_results" time="0.096" /><testcase classname="tests.test_env_checker.TestCheckAll" name="test_check_all_result_statuses_valid" time="0.087" /><testcase classname="tests.test_env_checker.TestCheckModule" name="test_check_known_module" time="0.001" /><testcase classname="tests.test_env_checker.TestCheckModule" name="test_check_unknown_module" time="0.000" /><testcase classname="tests.test_env_checker.TestCheckModule" name="test_all_modules_work" time="0.144" /><testcase classname="tests.test_env_checker.TestCheckModule" name="test_boss_default_does_not_mutate_process_environment" time="0.018" /><testcase classname="tests.test_env_checker.TestCheckModule" name="test_gaussian_helper_uses_registered_step_name" time="0.002" /><testcase classname="tests.test_env_checker.TestCheckModule" name="test_g09_gaussian_helper_uses_its_registered_step_name" time="0.001" /><testcase classname="tests.test_env_checker.TestCheckModule" name="test_g09_modules_require_only_g09_tools" time="0.072" /><testcase classname="tests.test_env_checker.TestEnsure" name="test_ensure_passes_when_all_ok" time="0.001" /><testcase classname="tests.test_env_checker.TestEnsure" name="test_ensure_raises_runtime_error_when_missing" time="0.001" /><testcase classname="tests.test_env_checker.TestEnvCheckerEdgeCases" name="test_envvar_dependency_handling" time="0.000" /><testcase classname="tests.test_env_checker.TestEnvCheckerEdgeCases" name="test_file_exec_dependency_handling" time="0.000" /><testcase classname="tests.test_env_checker.TestEnvCheckerEdgeCases" name="test_vendor_paths_exist_in_dependencies" time="0.000" /><testcase classname="tests.test_env_checker.TestEnvCheckerEdgeCases" name="test_check_all_does_not_crash" time="0.086" /><testcase classname="tests.test_env_registry" name="test_standard_binary_override_precedes_path" time="0.001" /><testcase classname="tests.test_env_registry" name="test_dotenv_standard_override_is_loaded_from_project_root" time="0.001" /><testcase classname="tests.test_env_registry" name="test_dotenv_value_uses_process_environment_before_dotenv" time="0.001" /><testcase classname="tests.test_env_registry" name="test_invalid_explicit_binary_is_configuration_error" time="0.000" /><testcase classname="tests.test_env_registry" name="test_project_root_never_falls_back_to_current_working_directory" time="0.001" /><testcase classname="tests.test_env_registry" name="test_orca_home_resolves_companions_and_child_library_path" time="0.001" /><testcase classname="tests.test_env_registry" name="test_g09_uses_its_own_configured_executables_and_gaussian_environment" time="0.001" /><testcase classname="tests.test_env_registry" name="test_ligpargen_child_gets_bossdir_without_global_mutation" time="0.002" /><testcase classname="tests.test_env_registry" name="test_openbabel_uses_standard_binary_override" time="0.002" /><testcase classname="tests.test_env_registry" name="test_multiwfn_uses_bundled_binary_and_ignores_external_configuration" time="0.002" /><testcase classname="tests.test_env_registry" name="test_boss_loader_failure_is_runtime_unavailable" time="0.001" /><testcase classname="tests.test_env_registry" name="test_boss_signal_termination_is_runtime_unavailable" time="0.001" /><testcase classname="tests.test_env_registry" name="test_capability_report_is_redacted_and_run_local" time="0.184" /><testcase classname="tests.test_errors.TestErrorKind" name="test_all_kinds_have_unique_values" time="0.000" /><testcase classname="tests.test_errors.TestErrorKind" name="test_retryable_property_exists_for_all" time="0.000" /><testcase classname="tests.test_errors.TestErrorKind" name="test_rollback_required_property_exists_for_all" time="0.000" /><testcase classname="tests.test_errors.TestErrorKind" name="test_retryable_errors[ErrorKind.SCF_NOT_CONVERGED]" time="0.000" /><testcase classname="tests.test_errors.TestErrorKind" name="test_retryable_errors[ErrorKind.GEOM_NOT_CONVERGED]" time="0.000" /><testcase classname="tests.test_errors.TestErrorKind" name="test_retryable_errors[ErrorKind.GAUSSIAN_CRASH]" time="0.000" /><testcase classname="tests.test_errors.TestErrorKind" name="test_retryable_errors[ErrorKind.ORCA_CRASH]" time="0.000" /><testcase classname="tests.test_errors.TestErrorKind" name="test_retryable_errors[ErrorKind.FORMCHK_FAILED]" time="0.000" /><testcase classname="tests.test_errors.TestErrorKind" name="test_retryable_errors[ErrorKind.GROMPP_FAILED]" time="0.000" /><testcase classname="tests.test_errors.TestErrorKind" name="test_retryable_errors[ErrorKind.MDRUN_FAILED]" time="0.000" /><testcase classname="tests.test_errors.TestErrorKind" name="test_retryable_errors[ErrorKind.PACKMOL_FAILED]" time="0.000" /><testcase classname="tests.test_errors.TestErrorKind" name="test_retryable_errors[ErrorKind.EM_NOT_CONVERGED]" time="0.000" /><testcase classname="tests.test_errors.TestErrorKind" name="test_retryable_errors[ErrorKind.EQ_NOT_CONVERGED]" time="0.000" /><testcase classname="tests.test_errors.TestErrorKind" name="test_retryable_errors[ErrorKind.TIMEOUT]" time="0.000" /><testcase classname="tests.test_errors.TestErrorKind" name="test_retryable_errors[ErrorKind.SOBTOP_FAILED]" time="0.000" /><testcase classname="tests.test_errors.TestErrorKind" name="test_retryable_errors[ErrorKind.LIGPARGEN_FAILED]" time="0.000" /><testcase classname="tests.test_errors.TestErrorKind" name="test_retryable_errors[ErrorKind.UNKNOWN]" time="0.000" /><testcase classname="tests.test_errors.TestErrorKind" name="test_non_retryable_errors[ErrorKind.DEPENDENCY_MISSING]" time="0.000" /><testcase classname="tests.test_errors.TestErrorKind" name="test_non_retryable_errors[ErrorKind.DEPENDENCY_NO_EXEC]" time="0.000" /><testcase classname="tests.test_errors.TestErrorKind" name="test_non_retryable_errors[ErrorKind.RESP_FAILED]" time="0.000" /><testcase classname="tests.test_errors.TestErrorKind" name="test_non_retryable_errors[ErrorKind.FILE_NOT_FOUND]" time="0.000" /><testcase classname="tests.test_errors.TestErrorKind" name="test_non_retryable_errors[ErrorKind.CONFIG_INVALID]" time="0.000" /><testcase classname="tests.test_errors.TestErrorKind" name="test_rollback_required_errors[ErrorKind.GROMPP_FAILED]" time="0.000" /><testcase classname="tests.test_errors.TestErrorKind" name="test_rollback_required_errors[ErrorKind.MDRUN_FAILED]" time="0.000" /><testcase classname="tests.test_errors.TestErrorKind" name="test_rollback_required_errors[ErrorKind.FORMCHK_FAILED]" time="0.000" /><testcase classname="tests.test_errors.TestErrorKind" name="test_rollback_required_errors[ErrorKind.SOBTOP_FAILED]" time="0.000" /><testcase classname="tests.test_errors.TestErrorKind" name="test_rollback_required_errors[ErrorKind.LIGPARGEN_FAILED]" time="0.000" /><testcase classname="tests.test_errors.TestErrorKind" name="test_rollback_required_errors[ErrorKind.ORCA_CRASH]" time="0.000" /><testcase classname="tests.test_errors.TestErrorKind" name="test_rollback_required_errors[ErrorKind.GAUSSIAN_CRASH]" time="0.000" /><testcase classname="tests.test_errors.TestErrorKind" name="test_no_rollback_errors[ErrorKind.SCF_NOT_CONVERGED]" time="0.000" /><testcase classname="tests.test_errors.TestErrorKind" name="test_no_rollback_errors[ErrorKind.GEOM_NOT_CONVERGED]" time="0.000" /><testcase classname="tests.test_errors.TestErrorKind" name="test_no_rollback_errors[ErrorKind.RESP_FAILED]" time="0.000" /><testcase classname="tests.test_errors.TestErrorKind" name="test_no_rollback_errors[ErrorKind.EM_NOT_CONVERGED]" time="0.000" /><testcase classname="tests.test_errors.TestErrorKind" name="test_no_rollback_errors[ErrorKind.EQ_NOT_CONVERGED]" time="0.000" /><testcase classname="tests.test_errors.TestErrorKind" name="test_no_rollback_errors[ErrorKind.TIMEOUT]" time="0.101" /><testcase classname="tests.test_errors.TestErrorKind" name="test_retryable_set_matches_all_retryable" time="0.000" /><testcase classname="tests.test_errors.TestErrorKind" name="test_rollback_set_matches_all_rollback" time="0.000" /><testcase classname="tests.test_errors.TestErrorKind" name="test_unused_error_kinds" time="0.000" /><testcase classname="tests.test_errors.TestStepError" name="test_minimal_construction" time="0.000" /><testcase classname="tests.test_errors.TestStepError" name="test_full_construction" time="0.000" /><testcase classname="tests.test_errors.TestStepError" name="test_raw_output_truncation" time="0.000" /><testcase classname="tests.test_errors.TestStepResult" name="test_success_result" time="0.000" /><testcase classname="tests.test_errors.TestStepResult" name="test_failure_result" time="0.000" /><testcase classname="tests.test_errors.TestStepResult" name="test_escalated_result" time="0.000" /><testcase classname="tests.test_errors.TestStepResult" name="test_defaults" time="0.000" /><testcase classname="tests.test_errors.TestStepResult" name="test_to_dict_preserves_protocol_fields_and_is_json_safe" time="0.000" /><testcase classname="tests.test_errors.TestDiagnosisResult" name="test_to_dict_marker" time="0.000" /><testcase classname="tests.test_errors.TestDiagnosisResult" name="test_default_severity" time="0.000" /><testcase classname="tests.test_errors.TestDiagnosisResult" name="test_all_severity_levels" time="0.000" /><testcase classname="tests.test_errors.TestDiagnosisResult" name="test_extra_fields_preserved" time="0.000" /><testcase classname="tests.test_errors.TestDiagnosisResult" name="test_empty_issues_and_evidence" time="0.000" /><testcase classname="tests.test_errors.TestRetryContext" name="test_not_exhausted_initially" time="0.000" /><testcase classname="tests.test_errors.TestRetryContext" name="test_exhausted_when_attempts_equal_max" time="0.000" /><testcase classname="tests.test_errors.TestRetryContext" name="test_exhausted_when_attempts_exceed_max" time="0.000" /><testcase classname="tests.test_errors.TestRetryContext" name="test_actions_tried_accumulation" time="0.000" /><testcase classname="tests.test_errors.TestRetryContext" name="test_max_attempts_default" time="0.000" /><testcase classname="tests.test_errors.TestRetryContext" name="test_last_raw_output_default" time="0.000" /><testcase classname="tests.test_errors.TestErrorPropagation" name="test_step_error_from_result_extraction" time="0.000" /><testcase classname="tests.test_errors.TestErrorPropagation" name="test_chain_of_failures" time="0.000" /><testcase classname="tests.test_errors.TestErrorPropagation" name="test_error_kind_determines_agent_behavior" time="0.000" /><testcase classname="tests.test_external_smoke" name="test_smoke_registry_has_unique_case_ids_and_declared_timeout" time="0.000" /><testcase classname="tests.test_external_smoke" name="test_smoke_preflight_is_read_only_and_reports_missing_fixture" time="0.001" /><testcase classname="tests.test_external_smoke" name="test_smoke_preflight_accepts_only_hash_verified_declared_fixture" time="0.002" /><testcase classname="tests.test_external_smoke" name="test_smoke_preflight_rejects_tampered_fixture_bundle" time="0.001" /><testcase classname="tests.test_external_smoke" name="test_smoke_evidence_is_opt_in_and_redacted" time="0.003" /><testcase classname="tests.test_external_smoke" name="test_evidence_verifier_rejects_preflight_record_as_execution" time="0.003" /><testcase classname="tests.test_external_smoke" name="test_evidence_verifier_requires_declared_outputs_for_successful_execution" time="0.003" /><testcase classname="tests.test_external_smoke" name="test_evidence_verifier_rejects_path_traversal_in_tampered_artifact" time="0.004" /><testcase classname="tests.test_external_smoke" name="test_selected_smoke_cases_rejects_duplicate_ids" time="0.000" /><testcase classname="tests.test_external_smoke" name="test_external_smoke_preflight_gate[gromacs_minimal]" time="0.000"><skipped type="pytest.skip" message="requires --run-external">/tmp/willy-regression-mvr0zkap/repo/tests/test_external_smoke.py:161: requires --run-external</skipped></testcase><testcase classname="tests.test_external_smoke" name="test_external_smoke_preflight_gate[sobtop_ec]" time="0.000"><skipped type="pytest.skip" message="requires --run-external">/tmp/willy-regression-mvr0zkap/repo/tests/test_external_smoke.py:161: requires --run-external</skipped></testcase><testcase classname="tests.test_external_smoke" name="test_external_smoke_preflight_gate[g16_minimal]" time="0.000"><skipped type="pytest.skip" message="requires --run-external">/tmp/willy-regression-mvr0zkap/repo/tests/test_external_smoke.py:161: requires --run-external</skipped></testcase><testcase classname="tests.test_external_smoke" name="test_external_smoke_preflight_gate[orca_minimal]" time="0.000"><skipped type="pytest.skip" message="requires --run-external">/tmp/willy-regression-mvr0zkap/repo/tests/test_external_smoke.py:161: requires --run-external</skipped></testcase><testcase classname="tests.test_external_smoke" name="test_external_smoke_preflight_gate[multiwfn_minimal]" time="0.000"><skipped type="pytest.skip" message="requires --run-external">/tmp/willy-regression-mvr0zkap/repo/tests/test_external_smoke.py:161: requires --run-external</skipped></testcase><testcase classname="tests.test_external_smoke" name="test_external_smoke_preflight_gate[ligpargen_minimal]" time="0.000"><skipped type="pytest.skip" message="requires --run-external">/tmp/willy-regression-mvr0zkap/repo/tests/test_external_smoke.py:161: requires --run-external</skipped></testcase><testcase classname="tests.test_frontend_api" name="test_stop_during_gromacs_requests_checkpoint_first_shutdown" time="0.035" /><testcase classname="tests.test_frontend_api" name="test_clean_stop_unlinks_only_known_root_artifacts" time="0.003" /><testcase classname="tests.test_frontend_api" name="test_reconcile_stale_latest_run_marks_transient_status_aborted_with_audit" time="0.042" /><testcase classname="tests.test_frontend_api" name="test_frontend_polling_does_not_reconcile_or_mutate_status" time="0.022" /><testcase classname="tests.test_frontend_api" name="test_legacy_pipeline_group_keeps_controls_in_running_state" time="0.001" /><testcase classname="tests.test_frontend_api" name="test_reconcile_skips_run_with_fresh_gromacs_eta_heartbeat" time="0.022" /><testcase classname="tests.test_frontend_api" name="test_reconcile_abandons_abort_when_revision_advances_during_check" time="0.022" /><testcase classname="tests.test_frontend_api" name="test_stopping_status_uses_public_checkpoint_message" time="0.025" /><testcase classname="tests.test_frontend_api" name="test_escalated_protocol_change_tells_user_the_run_was_not_modified" time="0.020" /><testcase classname="tests.test_frontend_api" name="test_awaiting_confirmation_summary_explains_the_llm_and_user_boundary" time="0.022" /><testcase classname="tests.test_frontend_api" name="test_get_pending_action_reads_only_the_waiting_public_summary" time="0.030" /><testcase classname="tests.test_frontend_api" name="test_pending_action_never_leaks_from_old_run_to_newest_run" time="0.064" /><testcase classname="tests.test_frontend_api" name="test_run_panel_snapshot_resolves_the_run_once_for_status_and_action" time="0.000" /><testcase classname="tests.test_frontend_api" name="test_active_pipeline_run_wins_over_newer_historical_index_entry" time="0.044" /><testcase classname="tests.test_frontend_api" name="test_confirm_pending_action_reserves_the_same_run_and_spawns_controlled_retry" time="0.061" /><testcase classname="tests.test_frontend_api" name="test_confirm_pending_action_restores_waiting_state_when_runner_cannot_start" time="0.071" /><testcase classname="tests.test_frontend_api" name="test_run_status_cas_rejects_stale_revision_and_terminal_regression" time="0.023" /><testcase classname="tests.test_frontend_api" name="test_revising_pending_action_keeps_run_waiting_and_config_unchanged" time="0.059" /><testcase classname="tests.test_frontend_api" name="test_invalid_revised_proposal_preserves_original_waiting_action" time="0.039" /><testcase classname="tests.test_frontend_api" name="test_pipeline_launch_receipt_does_not_repeat_the_proposed_plan" time="0.006" /><testcase classname="tests.test_frontend_api" name="test_run_assistant_defaults_to_the_latest_run" time="0.026" /><testcase classname="tests.test_frontend_api" name="test_run_assistant_fast_status_query_does_not_require_llm" time="0.028" /><testcase classname="tests.test_frontend_api" name="test_run_assistant_pending_message_distinguishes_fact_and_explanation_paths" time="0.000" /><testcase classname="tests.test_frontend_api" name="test_llm_config_is_persisted_locally_without_leaking_to_ui" time="0.049" /><testcase classname="tests.test_frontend_api" name="test_llm_config_rejects_blank_or_multiline_values" time="0.001" /><testcase classname="tests.test_frontend_api" name="test_llm_config_notice_shows_the_loaded_model_or_a_safe_fallback" time="0.000" /><testcase classname="tests.test_frontend_api" name="test_managed_mode_persists_only_the_mode_and_never_an_endpoint_or_registration_credential" time="0.003" /><testcase classname="tests.test_frontend_api" name="test_selecting_managed_mode_does_not_create_device_identity_until_request" time="0.001" /><testcase classname="tests.test_frontend_api" name="test_managed_status_and_notice_are_redacted_when_profile_is_unavailable" time="0.000" /><testcase classname="tests.test_frontend_api" name="test_managed_connection_check_uses_the_device_provider_and_hides_protocol_details" time="0.000" /><testcase classname="tests.test_frontend_api" name="test_llm_connection_uses_transient_form_values_and_forces_a_tool_call" time="0.002" /><testcase classname="tests.test_frontend_api" name="test_llm_connection_does_not_append_v1_to_the_entered_url" time="0.001" /><testcase classname="tests.test_frontend_api" name="test_llm_connection_rejects_invalid_url_without_constructing_a_client" time="0.000" /><testcase classname="tests.test_frontend_api" name="test_llm_connection_explains_missing_transient_key_and_v1_paths" time="0.000" /><testcase classname="tests.test_frontend_api" name="test_llm_connection_maps_network_and_http_failures_to_public_results[html_response]" time="0.002" /><testcase classname="tests.test_frontend_api" name="test_llm_connection_maps_network_and_http_failures_to_public_results[status_401]" time="0.001" /><testcase classname="tests.test_frontend_api" name="test_llm_connection_maps_network_and_http_failures_to_public_results[status_403]" time="0.001" /><testcase classname="tests.test_frontend_api" name="test_llm_connection_maps_network_and_http_failures_to_public_results[status_404]" time="0.001" /><testcase classname="tests.test_frontend_api" name="test_llm_connection_maps_network_and_http_failures_to_public_results[status_429]" time="0.001" /><testcase classname="tests.test_frontend_api" name="test_llm_connection_maps_network_and_http_failures_to_public_results[timeout]" time="0.001" /><testcase classname="tests.test_frontend_api" name="test_llm_connection_maps_network_and_http_failures_to_public_results[network_failure]" time="0.001" /><testcase classname="tests.test_frontend_api" name="test_llm_connection_maps_missing_choices_to_protocol_error" time="0.001" /><testcase classname="tests.test_frontend_api" name="test_llm_connection_maps_missing_tool_call_and_hides_exception_details" time="0.001" /><testcase classname="tests.test_frontend_api" name="test_real_llm_connection_is_explicitly_opt_in" time="0.000"><skipped type="pytest.skip" message="requires --run-llm-connection">/tmp/willy-regression-mvr0zkap/repo/tests/test_frontend_api.py:1079: requires --run-llm-connection</skipped></testcase><testcase classname="tests.test_frontend_api" name="test_visualization_scans_only_pdb_and_mol2_from_current_run_directory" time="0.036" /><testcase classname="tests.test_frontend_api" name="test_visualization_prefers_active_lock_then_newest_numbered_run_directory" time="0.002" /><testcase classname="tests.test_frontend_api" name="test_visualization_run_and_file_choices_are_scoped_to_the_selected_run" time="0.003" /><testcase classname="tests.test_frontend_api" name="test_visualization_style_uses_balanced_defaults_and_clamps_user_values" time="0.001" /><testcase classname="tests.test_frontend_api" name="test_visualization_legend_lists_only_elements_present_in_pdb_and_mol2" time="0.000" /><testcase classname="tests.test_frontend_api" name="test_run_assistant_status_renders_only_public_chinese_activity" time="0.024" /><testcase classname="tests.test_frontend_api" name="test_run_summary_renders_local_mdrun_heartbeat_without_inventing_eta" time="0.025" /><testcase classname="tests.test_frontend_api" name="test_run_summary_uses_compact_current_stage_eta_label" time="0.023" /><testcase classname="tests.test_frontend_api" name="test_run_assistant_status_animates_completion_marker" time="0.025" /><testcase classname="tests.test_frontend_api" name="test_run_assistant_status_shows_public_repair_attempt_and_adjustments" time="0.020" /><testcase classname="tests.test_frontend_api" name="test_run_assistant_status_uses_only_public_error_summary" time="0.027" /><testcase classname="tests.test_frontend_api" name="test_run_assistant_status_ignores_an_orphan_root_status" time="0.022" /><testcase classname="tests.test_frontend_api" name="test_execution_profile_snapshot_degrades_without_remote_registry" time="0.000" /><testcase classname="tests.test_frontend_api" name="test_execution_profile_snapshot_redacts_remote_registry_fields" time="0.000" /><testcase classname="tests.test_frontend_api" name="test_execution_profile_snapshot_adapts_initial_capability_map" time="0.000" /><testcase classname="tests.test_frontend_api" name="test_execution_profile_context_is_non_persistent_and_selection_scoped" time="0.000" /><testcase classname="tests.test_gateway" name="test_gateway_default_auto_approval_and_grant_limits_are_configured" time="0.001" /><testcase classname="tests.test_gateway" name="test_managed_flow_forwards_alias_and_tool_calls_without_prompt_persistence" time="0.087" /><testcase classname="tests.test_gateway" name="test_device_signature_nonce_replay_and_revocation_are_denied" time="0.065" /><testcase classname="tests.test_gateway" name="test_token_request_body_tampering_and_expiry_are_denied" time="0.043" /><testcase classname="tests.test_gateway" name="test_upstream_failure_is_redacted_and_timeout_keeps_reservation" time="0.121" /><testcase classname="tests.test_gateway" name="test_model_allowlist_quota_and_request_policy_prevent_proxy_abuse" time="0.070" /><testcase classname="tests.test_gateway" name="test_self_service_registration_uses_server_counted_slots_and_reuses_the_same_public_key" time="0.059" /><testcase classname="tests.test_gateway" name="test_first_registered_devices_are_auto_approved_with_default_grants" time="0.055" /><testcase classname="tests.test_gateway" name="test_existing_manual_registration_consumes_the_automatic_approval_window" time="0.038" /><testcase classname="tests.test_gateway" name="test_self_service_registration_is_rate_limited_before_it_can_fill_slots" time="0.038" /><testcase classname="tests.test_gateway" name="test_gateway_startup_assigns_expiry_to_legacy_pending_devices" time="0.039" /><testcase classname="tests.test_gateway_admin" name="test_loopback_admin_requires_a_separate_secret_and_controls_device_grants" time="0.071" /><testcase classname="tests.test_gateway_admin" name="test_admin_page_preselects_the_only_allowed_model_for_a_pending_device" time="0.000" /><testcase classname="tests.test_gateway_admin" name="test_admin_snapshot_reports_automatic_approval_capacity" time="0.035" /><testcase classname="tests.test_gateway_admin" name="test_admin_grants_reject_unknown_models_and_nonloopback_gateway_requires_tls" time="0.030" /><testcase classname="tests.test_gateway_admin" name="test_expired_pending_registration_releases_its_slot_and_cannot_be_approved" time="0.072" /><testcase classname="tests.test_gateway_offline_acceptance" name="test_device_token_replay_and_revocation_are_enforced_offline" time="0.103" /><testcase classname="tests.test_gateway_offline_acceptance" name="test_quota_and_streaming_guard_block_fake_upstream_before_forwarding" time="0.057" /><testcase classname="tests.test_gateway_offline_acceptance" name="test_timeout_keeps_then_expires_unknown_reservation_without_sleeping" time="0.093" /><testcase classname="tests.test_gateway_offline_acceptance" name="test_tool_call_forwarding_and_audit_redaction_are_observable_offline" time="0.074" /><testcase classname="tests.test_itp_namespace" name="test_namespace_itp_rewrites_atom_and_parameter_references" time="0.001" /><testcase classname="tests.test_itp_namespace" name="test_opls_assembly_namespaces_conflicting_local_types" time="0.004" /><testcase classname="tests.test_layer_agent.TestEscalation" name="test_to_dict_truncates_raw_output" time="0.000" /><testcase classname="tests.test_layer_agent.TestEscalation" name="test_empty_actions_and_output" time="0.000" /><testcase classname="tests.test_layer_agent.TestLayerAgentConstruction" name="test_minimal_construction" time="0.001" /><testcase classname="tests.test_layer_agent.TestLayerAgentConstruction" name="test_custom_max_retries" time="0.001" /><testcase classname="tests.test_layer_agent.TestLayerAgentConstruction" name="test_on_action_callback" time="0.002" /><testcase classname="tests.test_layer_agent.TestBuildContext" name="test_context_includes_step_info" time="0.002" /><testcase classname="tests.test_layer_agent.TestBuildContext" name="test_context_truncates_long_config" time="0.002" /><testcase classname="tests.test_layer_agent.TestBuildContext" name="test_context_includes_artifacts" time="0.002" /><testcase classname="tests.test_layer_agent.TestBuildContext" name="test_context_includes_failed_step_outputs" time="0.004" /><testcase classname="tests.test_layer_agent.TestBuildContext" name="test_context_includes_structured_execution_evidence" time="0.008" /><testcase classname="tests.test_layer_agent.TestEscalate" name="test_escalate_returns_failed_step_result" time="0.015" /><testcase classname="tests.test_layer_agent.TestHandleFailure" name="test_handle_failure_returns_step_result" time="0.002" /><testcase classname="tests.test_layer_agent.TestHandleFailure" name="test_successful_tool_result_keeps_its_actual_step_identity" time="0.001" /><testcase classname="tests.test_layer_agent.TestHandleFailure" name="test_handle_failure_exhausts_retries" time="0.001" /><testcase classname="tests.test_layer_agent.TestHandleFailure" name="test_tool_failures_stop_at_hard_retry_limit" time="0.002" /><testcase classname="tests.test_layer_agent.TestHandleFailure" name="test_protocol_change_request_escalates_without_a_second_llm_call" time="0.002" /><testcase classname="tests.test_layer_agent.TestHandleFailure" name="test_simulation_agent_blocks_protocol_change_before_tool_dispatch" time="0.001" /><testcase classname="tests.test_layer_agent.TestHandleFailure" name="test_simulation_agent_rejects_box_retry_without_geometry_evidence" time="0.002" /><testcase classname="tests.test_layer_agent.TestHandleFailure" name="test_handle_failure_detects_escalation_keyword" time="0.002" /><testcase classname="tests.test_layer_agent.TestHandleFailure" name="test_handle_failure_llm_exception_retry" time="0.003" /><testcase classname="tests.test_layer_agent.TestHandleFailure" name="test_llm_exceptions_consume_retry_budget_and_update_state" time="0.002" /><testcase classname="tests.test_layer_agent.TestLayerAgentEdgeCases" name="test_empty_tool_list" time="0.001" /><testcase classname="tests.test_layer_agent.TestLayerAgentEdgeCases" name="test_tool_handler_returning_non_json" time="0.002" /><testcase classname="tests.test_layer_agent.TestLayerAgentEdgeCases" name="test_long_error_message" time="0.002" /><testcase classname="tests.test_layer_agent.TestRecoveryAuthorization" name="test_model_confirmation_flag_cannot_dispatch_a_method_change" time="0.002" /><testcase classname="tests.test_layer_agent.TestRecoveryAuthorization" name="test_safe_dispatch_records_policy_and_execution_trace" time="0.002" /><testcase classname="tests.test_llm_budget" name="test_budget_limits_calls_and_reports_state" time="0.000" /><testcase classname="tests.test_llm_budget" name="test_circuit_breaker_opens_after_consecutive_failures" time="0.000" /><testcase classname="tests.test_llm_config" name="test_no_key_means_llm_is_not_configured" time="0.001" /><testcase classname="tests.test_llm_config" name="test_legacy_deepseek_key_uses_existing_defaults" time="0.001" /><testcase classname="tests.test_llm_config" name="test_generic_values_override_legacy_and_read_dotenv" time="0.001" /><testcase classname="tests.test_llm_config" name="test_invalid_values_are_rejected_without_client_construction[not-a-url-model]" time="0.000" /><testcase classname="tests.test_llm_config" name="test_invalid_values_are_rejected_without_client_construction[ftp://example.com-model]" time="0.000" /><testcase classname="tests.test_llm_config" name="test_invalid_values_are_rejected_without_client_construction[https://example.com?token=x-model]" time="0.000" /><testcase classname="tests.test_llm_config" name="test_invalid_values_are_rejected_without_client_construction[https://example.com-model\nother]" time="0.000" /><testcase classname="tests.test_llm_config" name="test_configured_client_uses_resolved_endpoint_and_model" time="0.001" /><testcase classname="tests.test_llm_config" name="test_managed_mode_uses_a_fixed_deployment_profile_not_a_user_api_key" time="0.001" /><testcase classname="tests.test_llm_config" name="test_invalid_llm_mode_is_rejected_before_any_client_is_constructed" time="0.001" /><testcase classname="tests.test_llm_eval_report" name="test_mock_eval_public_report_excludes_prompts_traces_and_tool_arguments" time="0.013" /><testcase classname="tests.test_log_parsers.TestParseGaussianLog" name="test_normal_termination" time="0.001" /><testcase classname="tests.test_log_parsers.TestParseGaussianLog" name="test_scf_not_converged" time="0.001" /><testcase classname="tests.test_log_parsers.TestParseGaussianLog" name="test_geom_not_converged" time="0.001" /><testcase classname="tests.test_log_parsers.TestParseGaussianLog" name="test_gaussian_crash" time="0.001" /><testcase classname="tests.test_log_parsers.TestParseGaussianLog" name="test_missing_file" time="0.000" /><testcase classname="tests.test_log_parsers.TestParseGaussianLog" name="test_empty_file" time="0.001" /><testcase classname="tests.test_log_parsers.TestParseGaussianLog" name="test_evidence_lines_truncated" time="0.002" /><testcase classname="tests.test_log_parsers.TestParseGaussianLog" name="test_optimization_cycles_detected" time="0.001" /><testcase classname="tests.test_log_parsers.TestParseOrcaOutput" name="test_normal_termination" time="0.001" /><testcase classname="tests.test_log_parsers.TestParseOrcaOutput" name="test_scf_not_converged" time="0.001" /><testcase classname="tests.test_log_parsers.TestParseOrcaOutput" name="test_missing_file" time="0.000" /><testcase classname="tests.test_log_parsers.TestParseOrcaOutput" name="test_orca_crash_detection" time="0.001" /><testcase classname="tests.test_log_parsers.TestParseGromacsLog" name="test_em_converged" time="0.002" /><testcase classname="tests.test_log_parsers.TestParseGromacsLog" name="test_lincs_warnings_detected" time="0.002" /><testcase classname="tests.test_log_parsers.TestParseGromacsLog" name="test_missing_file" time="0.000" /><testcase classname="tests.test_log_parsers.TestParseGromacsLog" name="test_stage_specific_hints" time="0.001" /><testcase classname="tests.test_log_parsers.TestDiagnoseLog" name="test_explicit_gaussian_engine" time="0.000" /><testcase classname="tests.test_log_parsers.TestDiagnoseLog" name="test_explicit_orca_engine" time="0.000" /><testcase classname="tests.test_log_parsers.TestDiagnoseLog" name="test_explicit_gromacs_engine" time="0.000" /><testcase classname="tests.test_log_parsers.TestDiagnoseLog" name="test_unknown_engine_fallback" time="0.000" /><testcase classname="tests.test_log_parsers.TestEvidenceTruncation" name="test_very_long_lines_handled" time="0.005" /><testcase classname="tests.test_log_parsers.TestEvidenceTruncation" name="test_binary_content_handled" time="0.001" /><testcase classname="tests.test_managed_gateway" name="test_profile_is_fixed_to_https_and_cannot_accept_a_remote_plain_http_endpoint" time="0.001" /><testcase classname="tests.test_managed_gateway" name="test_identity_status_does_not_create_a_private_key_until_managed_mode_is_selected" time="0.001" /><testcase classname="tests.test_managed_gateway" name="test_registration_sends_only_a_public_key_and_persists_a_private_machine_identity" time="0.002" /><testcase classname="tests.test_managed_gateway" name="test_token_exchange_is_signed_cached_and_refreshed_before_expiry" time="0.002" /><testcase classname="tests.test_managed_gateway" name="test_usage_snapshot_checks_the_gateway_without_calling_chat_completions" time="0.002" /><testcase classname="tests.test_managed_gateway" name="test_managed_client_gets_a_token_for_each_expired_openai_call" time="0.003" /><testcase classname="tests.test_managed_gateway" name="test_client_registration_and_signed_token_exchange_reach_the_real_gateway_asgi_app" time="0.098" /><testcase classname="tests.test_mdrun_eta" name="test_verbose_carriage_return_output_updates_eta_snapshot" time="0.001" /><testcase classname="tests.test_mdrun_eta" name="test_eta_snapshot_stays_waiting_without_a_gromacs_prediction" time="0.001" /><testcase classname="tests.test_mdrun_eta" name="test_heartbeat_refreshes_liveness_and_reads_gromacs_2025_log_progress" time="0.001" /><testcase classname="tests.test_mdrun_eta" name="test_gromacs_duration_variant_updates_eta_without_deriving_from_step_rate" time="0.001" /><testcase classname="tests.test_mdrun_eta" name="test_gromacs_2025_will_finish_eta_is_parsed_from_chunked_verbose_output" time="0.001" /><testcase classname="tests.test_mdrun_eta" name="test_eta_snapshot_closes_when_mdrun_ends" time="0.001" /><testcase classname="tests.test_mdrun_knowledge" name="test_index_and_lookup_require_matching_number_and_name" time="0.001" /><testcase classname="tests.test_mdrun_knowledge" name="test_tool_handler_is_read_only_and_bounded" time="0.000" /><testcase classname="tests.test_mdrun_knowledge" name="test_eq_proposal_uses_only_kb_tool_and_two_lookup_calls" time="0.004" /><testcase classname="tests.test_mdrun_knowledge" name="test_pending_action_exposes_verified_or_unverified_source" time="0.005" /><testcase classname="tests.test_mdrun_knowledge" name="test_ui_labels_unverified_advice_source" time="0.000" /><testcase classname="tests.test_multi_factor_pending_action" name="test_multi_factor_action_requires_selection_and_applies_only_selected_option" time="0.017" /><testcase classname="tests.test_multi_factor_pending_action" name="test_frontend_option_selection_keeps_status_waiting_and_config_unchanged" time="0.064" /><testcase classname="tests.test_multi_factor_pending_action" name="test_text_option_parser_accepts_selection_and_confirmation_variants" time="0.000" /><testcase classname="tests.test_multiwfn_bundled" name="test_molden_mol2_preserves_multiwfn_connectivity_and_atom_order" time="0.002" /><testcase classname="tests.test_multiwfn_bundled" name="test_molden_mol2_allows_single_atom_without_bonds" time="0.002" /><testcase classname="tests.test_multiwfn_bundled" name="test_molden_mol2_rejects_missing_connectivity_for_multi_atom" time="0.001" /><testcase classname="tests.test_multiwfn_bundled" name="test_extract_xyz_rejects_nonzero_multiwfn_exit" time="0.001" /><testcase classname="tests.test_multiwfn_bundled" name="test_resp_uses_clean_exit_sequence_and_publishes_charge" time="0.001" /><testcase classname="tests.test_multiwfn_bundled" name="test_resp_maps_nonzero_multiwfn_exit_to_resp_failure" time="0.001" /><testcase classname="tests.test_multiwfn_bundled" name="test_sobtop_optional_multiwfn_command_targets_bundled_runtime" time="0.000" /><testcase classname="tests.test_multiwfn_bundled" name="test_bundled_payload_matches_manifest_and_has_no_machine_paths" time="0.039" /><testcase classname="tests.test_pending_action" name="test_pending_action_does_not_change_config_until_applied" time="0.005" /><testcase classname="tests.test_pending_action" name="test_pending_action_rejects_changed_config_before_launch" time="0.007" /><testcase classname="tests.test_pending_action" name="test_pending_action_applies_only_its_validated_fields" time="0.016" /><testcase classname="tests.test_pending_action" name="test_pending_action_normalizes_eq_pressure_and_hold_aliases" time="0.006" /><testcase classname="tests.test_pending_action" name="test_pending_action_reports_unsupported_replacement_field" time="0.001" /><testcase classname="tests.test_pending_action" name="test_replacing_pending_action_preserves_config_until_new_confirmation" time="0.009" /><testcase classname="tests.test_pending_action" name="test_vacuum_recovery_requires_box_rebuild_from_step_seven" time="0.006" /><testcase classname="tests.test_pending_action" name="test_public_pending_action_exposes_only_bounded_editable_parameters" time="0.005" /><testcase classname="tests.test_pipeline_launch" name="test_reservation_is_atomic_and_allocates_a_run_id" time="0.004" /><testcase classname="tests.test_pipeline_launch" name="test_reservation_derives_the_next_sequence_from_existing_run_directories" time="0.012" /><testcase classname="tests.test_pipeline_launch" name="test_legacy_live_lock_remains_authoritative_until_its_owner_exits" time="0.001" /><testcase classname="tests.test_pipeline_launch" name="test_running_lock_remains_active_when_managed_process_group_survives" time="0.002" /><testcase classname="tests.test_pipeline_launch" name="test_frontend_recovers_the_current_run_from_a_live_legacy_lock" time="0.032" /><testcase classname="tests.test_pipeline_launch" name="test_unbound_startup_audit_has_only_public_messages" time="0.001" /><testcase classname="tests.test_pipeline_launch" name="test_frontend_launch_conflict_does_not_spawn_a_second_child" time="0.003" /><testcase classname="tests.test_pipeline_launch" name="test_deferred_state_machine_does_not_write_root_before_run_binding" time="0.002" /><testcase classname="tests.test_pipeline_launch" name="test_orchestrator_binds_state_to_run_before_any_status_write" time="0.231" /><testcase classname="tests.test_pipeline_orchestrator" name="test_cli_accepts_g09_backend" time="0.002" /><testcase classname="tests.test_pipeline_orchestrator.TestStepRegistryLayerMapping" name="test_step_layer_mapping_is_complete" time="0.000" /><testcase classname="tests.test_pipeline_orchestrator.TestStepRegistryLayerMapping" name="test_step_layers_correct" time="0.000" /><testcase classname="tests.test_pipeline_orchestrator.TestStepRegistryLayerMapping" name="test_no_steps_beyond_10" time="0.000" /><testcase classname="tests.test_pipeline_orchestrator.TestPipelineOrchestratorInit" name="test_no_api_key_disables_llm" time="0.002" /><testcase classname="tests.test_pipeline_orchestrator.TestPipelineOrchestratorInit" name="test_use_llm_false_skips_init" time="0.001" /><testcase classname="tests.test_pipeline_orchestrator.TestPipelineOrchestratorInit" name="test_backend_stored" time="0.001" /><testcase classname="tests.test_pipeline_orchestrator.TestPipelineOrchestratorInit" name="test_g09_backend_is_a_supported_distinct_backend" time="0.001" /><testcase classname="tests.test_pipeline_orchestrator.TestPipelineOrchestratorInit" name="test_unknown_quantum_backend_is_rejected" time="0.000" /><testcase classname="tests.test_pipeline_orchestrator.TestPipelineOrchestratorInit" name="test_configured_model_is_injected_into_all_repair_agents" time="0.001" /><testcase classname="tests.test_pipeline_orchestrator.TestPipelineOrchestratorInit" name="test_new_run_never_inherits_previous_done_steps" time="0.002" /><testcase classname="tests.test_pipeline_orchestrator.TestPipelineOrchestratorInit" name="test_explicit_resume_requires_the_original_run_directory" time="0.002" /><testcase classname="tests.test_pipeline_orchestrator.TestPublicRepairUpdates" name="test_simulation_config_delta_is_labeled_and_unitized" time="0.001" /><testcase classname="tests.test_pipeline_orchestrator.TestBuildSteps" name="test_g16_backend_builds_10_steps" time="0.003" /><testcase classname="tests.test_pipeline_orchestrator.TestBuildSteps" name="test_orca_backend_builds_10_steps" time="0.001" /><testcase classname="tests.test_pipeline_orchestrator.TestBuildSteps" name="test_g09_backend_builds_its_own_quantum_modules" time="0.001" /><testcase classname="tests.test_pipeline_orchestrator.TestBuildSteps" name="test_final_three_steps_are_gromacs_execution" time="0.001" /><testcase classname="tests.test_pipeline_orchestrator.TestBuildSteps" name="test_step_structure" time="0.000" /><testcase classname="tests.test_pipeline_orchestrator.TestBuildSteps" name="test_step_1_is_batch" time="0.000" /><testcase classname="tests.test_pipeline_orchestrator.TestBuildSteps" name="test_step_5_is_not_batch" time="0.000" /><testcase classname="tests.test_pipeline_orchestrator.TestBuildSteps" name="test_all_pipeline_steps_receive_the_same_run_directory" time="0.003" /><testcase classname="tests.test_pipeline_orchestrator.TestPublicQuantumProgress" name="test_g09_progress_callbacks_are_labeled_g09" time="0.002" /><testcase classname="tests.test_pipeline_orchestrator.TestPublicQuantumProgress" name="test_g16_orca_resp_and_step2_callbacks_are_structured" time="0.002" /><testcase classname="tests.test_pipeline_orchestrator.TestPublicQuantumProgress" name="test_resp_rejects_an_incomplete_configured_molecule_set" time="0.001" /><testcase classname="tests.test_pipeline_orchestrator.TestRunWorkspace" name="test_prepare_workspace_copies_precomputed_g16_input" time="0.168" /><testcase classname="tests.test_pipeline_orchestrator.TestRunWorkspace" name="test_prepare_workspace_accepts_gjf_without_fchk" time="0.146" /><testcase classname="tests.test_pipeline_orchestrator.TestRunWorkspace" name="test_prepare_workspace_rejects_molecule_without_quantum_input" time="0.182" /><testcase classname="tests.test_pipeline_orchestrator.TestSinglePointMol2Contract" name="test_g16_singlepoint_inherits_molecule_resource_override" time="0.018" /><testcase classname="tests.test_pipeline_orchestrator.TestSinglePointMol2Contract" name="test_g16_mol2_failure_marks_step_2_failed" time="0.002" /><testcase classname="tests.test_pipeline_orchestrator.TestHandleBatchResult" name="test_all_success" time="0.001" /><testcase classname="tests.test_pipeline_orchestrator.TestHandleBatchResult" name="test_some_fail_no_llm" time="0.001" /><testcase classname="tests.test_pipeline_orchestrator.TestHandleBatchResult" name="test_molecule_failure_is_not_silently_filtered" time="0.001" /><testcase classname="tests.test_pipeline_orchestrator.TestHandleBatchResult" name="test_artifacts_collected_for_success" time="0.001" /><testcase classname="tests.test_pipeline_orchestrator.TestHandleBatchResult" name="test_empty_batch_is_a_failure" time="0.001" /><testcase classname="tests.test_pipeline_orchestrator.TestHandleBatchResult" name="test_each_failed_molecule_is_repaired_before_step_succeeds" time="0.001" /><testcase classname="tests.test_pipeline_orchestrator.TestHandleSingleResult" name="test_success_collects_artifacts" time="0.001" /><testcase classname="tests.test_pipeline_orchestrator.TestHandleSingleResult" name="test_failure_no_llm" time="0.001" /><testcase classname="tests.test_pipeline_orchestrator.TestHandleSingleResult" name="test_user_stop_request_bypasses_error_and_agent_retry" time="0.001" /><testcase classname="tests.test_pipeline_orchestrator.TestHandleSingleResult" name="test_failure_without_error_details" time="0.001" /><testcase classname="tests.test_pipeline_orchestrator.TestInvokeAgent" name="test_no_agent_available" time="0.001" /><testcase classname="tests.test_pipeline_orchestrator.TestInvokeAgent" name="test_agent_repair_success" time="0.001" /><testcase classname="tests.test_pipeline_orchestrator.TestInvokeAgent" name="test_step_two_upstream_repair_requests_a_rerun" time="0.002" /><testcase classname="tests.test_pipeline_orchestrator.TestInvokeAgent" name="test_eq_upstream_mdp_repair_rolls_back_to_em_without_marking_eq_done" time="0.003" /><testcase classname="tests.test_pipeline_orchestrator.TestInvokeAgent" name="test_eq_failure_waits_for_user_confirmation_before_prod" time="0.017" /><testcase classname="tests.test_pipeline_orchestrator.TestInvokeAgent" name="test_confirmed_eq_action_reruns_eq_before_prod" time="0.382" /><testcase classname="tests.test_pipeline_orchestrator.TestInvokeAgent" name="test_eq_success_without_manifest_acceptance_is_blocked_before_prod" time="0.013" /><testcase classname="tests.test_pipeline_orchestrator.TestInvokeAgent" name="test_eq_only_scope_stops_after_accepted_eq_without_starting_prod" time="0.003" /><testcase classname="tests.test_pipeline_orchestrator.TestInvokeAgent" name="test_run_registry_projects_only_the_fixed_eq_completion_scope" time="0.001" /><testcase classname="tests.test_pipeline_orchestrator.TestInvokeAgent" name="test_run_reexecutes_step_two_after_upstream_repair" time="0.004" /><testcase classname="tests.test_pipeline_orchestrator.TestInvokeAgent" name="test_agent_receives_failed_step_intermediate_artifacts" time="0.002" /><testcase classname="tests.test_pipeline_orchestrator.TestInvokeAgent" name="test_agent_escalation" time="0.002" /><testcase classname="tests.test_pipeline_orchestrator.TestInvokeAgent" name="test_agent_escalation_uses_current_failed_molecule" time="0.002" /><testcase classname="tests.test_pipeline_orchestrator.TestInvokeAgent" name="test_agent_repair_failure_no_escalation" time="0.001" /><testcase classname="tests.test_pipeline_state.TestStateEnum" name="test_all_states_defined" time="0.000" /><testcase classname="tests.test_pipeline_state.TestStateEnum" name="test_state_values_are_strings" time="0.000" /><testcase classname="tests.test_pipeline_state.TestStateEnum" name="test_state_transitions_well_defined" time="0.000" /><testcase classname="tests.test_pipeline_state.TestPipelineStatus" name="test_default_values" time="0.000" /><testcase classname="tests.test_pipeline_state.TestPipelineStatus" name="test_all_fields_serializable" time="0.000" /><testcase classname="tests.test_pipeline_state.TestPipelineStatus" name="test_escalation_field_defaults_to_dict" time="0.000" /><testcase classname="tests.test_pipeline_state.TestPipelineStatus" name="test_escalation_field_with_dict" time="0.000" /><testcase classname="tests.test_pipeline_state.TestPipelineStatus" name="test_actions_list_accumulation" time="0.000" /><testcase classname="tests.test_pipeline_state.TestPipelineStatus" name="test_error_field" time="0.000" /><testcase classname="tests.test_pipeline_state.TestPipelineStateMachine" name="test_initial_state_is_idle" time="0.002" /><testcase classname="tests.test_pipeline_state.TestPipelineStateMachine" name="test_transition_updates_state" time="0.002" /><testcase classname="tests.test_pipeline_state.TestPipelineStateMachine" name="test_awaiting_confirmation_cannot_skip_directly_to_running" time="0.002" /><testcase classname="tests.test_pipeline_state.TestPipelineStateMachine" name="test_terminal_state_cannot_resume" time="0.002" /><testcase classname="tests.test_pipeline_state.TestPipelineStateMachine" name="test_scoped_done_preserves_the_last_completed_step" time="0.003" /><testcase classname="tests.test_pipeline_state.TestPipelineStateMachine" name="test_public_status_rejects_an_unrecognized_completion_scope" time="0.001" /><testcase classname="tests.test_pipeline_state.TestPipelineStateMachine" name="test_state_revision_is_monotonic_and_persisted" time="0.002" /><testcase classname="tests.test_pipeline_state.TestPipelineStateMachine" name="test_controlled_resume_preserves_revision_before_next_write" time="0.002" /><testcase classname="tests.test_pipeline_state.TestPipelineStateMachine" name="test_external_stop_revision_cannot_be_overwritten_by_old_heartbeat" time="0.003" /><testcase classname="tests.test_pipeline_state.TestPipelineStateMachine" name="test_set_step" time="0.001" /><testcase classname="tests.test_pipeline_state.TestPipelineStateMachine" name="test_mark_done" time="0.001" /><testcase classname="tests.test_pipeline_state.TestPipelineStateMachine" name="test_rollback_to_invalidates_downstream_steps" time="0.002" /><testcase classname="tests.test_pipeline_state.TestPipelineStateMachine" name="test_controlled_restart_withdraws_only_the_restarted_suffix" time="0.002" /><testcase classname="tests.test_pipeline_state.TestPipelineStateMachine" name="test_set_error" time="0.002" /><testcase classname="tests.test_pipeline_state.TestPipelineStateMachine" name="test_start_retry" time="0.001" /><testcase classname="tests.test_pipeline_state.TestPipelineStateMachine" name="test_add_action" time="0.002" /><testcase classname="tests.test_pipeline_state.TestPipelineStateMachine" name="test_public_repair_snapshot_includes_only_safe_adjustments" time="0.002" /><testcase classname="tests.test_pipeline_state.TestPipelineStateMachine" name="test_set_escalated" time="0.001" /><testcase classname="tests.test_pipeline_state.TestPipelineStateMachine" name="test_set_aborted" time="0.002" /><testcase classname="tests.test_pipeline_state.TestPipelineStateMachine" name="test_user_requested_abort_clears_stale_failure" time="0.002" /><testcase classname="tests.test_pipeline_state.TestPipelineStateMachine" name="test_full_pipeline_flow" time="0.005" /><testcase classname="tests.test_pipeline_state.TestPipelineStateMachine" name="test_error_then_retry_then_done_flow" time="0.004" /><testcase classname="tests.test_pipeline_state.TestPipelineStateMachine" name="test_final_escalation_flow" time="0.004" /><testcase classname="tests.test_pipeline_state.TestPipelineStateMachine" name="test_writes_status_json" time="0.001" /><testcase classname="tests.test_pipeline_state.TestPipelineStateMachine" name="test_atomic_write" time="0.002" /><testcase classname="tests.test_pipeline_state.TestPipelineStateMachine" name="test_read_static_method" time="0.002" /><testcase classname="tests.test_pipeline_state.TestPipelineStateMachine" name="test_read_missing_file_returns_idle" time="0.001" /><testcase classname="tests.test_pipeline_state.TestPipelineStateMachine" name="test_read_corrupted_file_returns_idle" time="0.002" /><testcase classname="tests.test_pipeline_state.TestPipelineStateMachine" name="test_error_message_handling" time="0.002" /><testcase classname="tests.test_pipeline_state.TestPipelineStateMachine" name="test_rapid_state_transitions" time="0.008" /><testcase classname="tests.test_pipeline_state.TestPipelineStateMachine" name="test_custom_total_steps" time="0.002" /><testcase classname="tests.test_pipeline_state.TestPipelineStateMachine" name="test_activity_is_strictly_structured_and_persisted_atomically" time="0.002" /><testcase classname="tests.test_pipeline_state.TestPipelineStateMachine" name="test_escalation_public_snapshot_drops_raw_output" time="0.002" /><testcase classname="tests.test_postprocess" name="test_postprocess_generates_traceable_analysis_outputs" time="0.004" /><testcase classname="tests.test_postprocess" name="test_postprocess_uses_system_for_pbc_and_requested_group_for_msd" time="0.007" /><testcase classname="tests.test_postprocess" name="test_postprocess_rejects_incomplete_trajectory" time="0.004" /><testcase classname="tests.test_postprocess" name="test_postprocess_refuses_to_overwrite_existing_analysis" time="0.003" /><testcase classname="tests.test_postprocess" name="test_postprocess_rejects_invalid_discard_fraction" time="0.001" /><testcase classname="tests.test_postprocess" name="test_postprocess_reports_missing_production_artifacts" time="0.001" /><testcase classname="tests.test_postprocess" name="test_postprocess_rejects_sources_without_completed_prod_manifest" time="0.002" /><testcase classname="tests.test_postprocess" name="test_postprocess_rejects_artifact_fingerprint_mismatch" time="0.002" /><testcase classname="tests.test_process_lifecycle" name="test_termination_escalates_the_process_group" time="0.000" /><testcase classname="tests.test_process_lifecycle" name="test_lifecycle_record_excludes_command_paths" time="0.008" /><testcase classname="tests.test_process_lifecycle" name="test_managed_command_honors_stop_request_and_records_audit" time="0.008" /><testcase classname="tests.test_process_lifecycle" name="test_managed_command_timeout_terminates_and_records_audit" time="0.017" /><testcase classname="tests.test_prune_runs" name="test_prune_runs_requires_apply_and_updates_the_index" time="0.018" /><testcase classname="tests.test_prune_runs" name="test_prune_runs_refuses_when_a_pipeline_lock_is_active" time="0.005" /><testcase classname="tests.test_quantum_input_audit" name="test_g16_audit_reads_charge_and_spin_from_raw_input" time="0.001" /><testcase classname="tests.test_quantum_input_audit" name="test_g09_audit_uses_the_same_gjf_contract_without_falling_back_to_inp" time="0.001" /><testcase classname="tests.test_quantum_input_audit" name="test_imported_ionic_gjf_inputs_match_the_registered_filename_charges" time="0.000" /><testcase classname="tests.test_quantum_input_audit" name="test_struct_gjf_headers_are_canonical_and_dmaa_is_removed" time="0.002" /><testcase classname="tests.test_quantum_input_audit" name="test_every_retained_gjf_has_a_native_orca_input" time="0.004" /><testcase classname="tests.test_quantum_input_audit" name="test_orca_audit_requires_native_optimized_inp_and_never_falls_back_to_gjf" time="0.003" /><testcase classname="tests.test_quantum_input_audit" name="test_audit_properties_replace_an_untrusted_neutral_default" time="0.001" /><testcase classname="tests.test_quantum_input_audit" name="test_orca_workspace_requires_inp_and_snapshots_it" time="0.180" /><testcase classname="tests.test_quantum_input_audit" name="test_g09_workspace_requires_gjf_and_snapshots_it" time="0.187" /><testcase classname="tests.test_quantum_input_audit" name="test_start_pipeline_rejects_input_changed_after_plan_freeze" time="0.002" /><testcase classname="tests.test_quantum_input_audit" name="test_config_agent_requires_an_input_audit_and_freezes_audited_charge" time="0.002" /><testcase classname="tests.test_recovery_contracts" name="test_pending_action_adapts_to_generic_contract" time="0.000" /><testcase classname="tests.test_recovery_contracts" name="test_decision_trace_redacts_paths_and_secrets" time="0.012" /><testcase classname="tests.test_recovery_policy" name="test_eq_policy_keeps_prod_out_and_requires_confirmation" time="0.001" /><testcase classname="tests.test_recovery_policy" name="test_policy_allows_confirmed_safe_retry_with_bounded_attempts" time="0.001" /><testcase classname="tests.test_recovery_policy" name="test_quantum_parameter_effects_require_confirmation_or_fork" time="0.001" /><testcase classname="tests.test_remote_execution" name="test_preflight_normalizes_private_transport_failure_and_never_exposes_details" time="0.001" /><testcase classname="tests.test_remote_execution" name="test_preflight_requires_declared_resources_without_transport_details" time="0.001" /><testcase classname="tests.test_remote_execution" name="test_gromacs_command_is_argv_only_and_rejects_control_characters" time="0.000" /><testcase classname="tests.test_remote_execution" name="test_sync_manifest_rejects_escape_and_verifies_upload_and_download_hashes" time="0.004" /><testcase classname="tests.test_remote_execution" name="test_sync_receipt_hash_mismatch_is_rejected_before_stage_can_continue" time="0.003" /><testcase classname="tests.test_remote_execution" name="test_direct_ssh_lifecycle_preserves_start_query_checkpoint_first_stop_and_escalation" time="0.000" /><testcase classname="tests.test_remote_execution" name="test_run_binding_preserves_local_behavior_and_preflights_remote_only" time="0.000" /><testcase classname="tests.test_remote_registry" name="test_local_execution_never_requires_a_profile_file" time="0.002" /><testcase classname="tests.test_remote_registry" name="test_registry_uses_explicit_environment_override" time="0.002" /><testcase classname="tests.test_remote_registry" name="test_public_capabilities_are_redacted" time="0.002" /><testcase classname="tests.test_remote_registry" name="test_public_execution_snapshot_marks_registered_profile_unprobed" time="0.002" /><testcase classname="tests.test_remote_registry" name="test_missing_or_insecure_profile_file_is_not_available" time="0.002" /><testcase classname="tests.test_remote_registry" name="test_registry_rejects_duplicate_json_fields_and_symlinked_parent" time="0.003" /><testcase classname="tests.test_remote_registry" name="test_profile_schema_rejects_secrets_shell_fields_and_non_strict_host_policy" time="0.002" /><testcase classname="tests.test_remote_registry" name="test_remote_execution_requires_registered_matching_launcher" time="0.002" /><testcase classname="tests.test_remote_registry" name="test_slurm_profile_requires_structured_resources" time="0.003" /><testcase classname="tests.test_run_assistant.TestRunRegistry" name="test_v2_registry_section_owns_registration_and_artifacts" time="0.024" /><testcase classname="tests.test_run_assistant.TestRunRegistry" name="test_register_run_hashes_reused_quantum_intermediate" time="0.010" /><testcase classname="tests.test_run_assistant.TestRunRegistry" name="test_refresh_config_fingerprint_tracks_final_snapshot" time="0.015" /><testcase classname="tests.test_run_assistant.TestRunRegistry" name="test_register_status_result_and_artifact_contract" time="0.032" /><testcase classname="tests.test_run_assistant.TestRunRegistry" name="test_registry_rejects_path_traversal_and_log_secrets_are_redacted" time="0.009" /><testcase classname="tests.test_run_assistant.TestRunRegistry" name="test_box_parameters_expose_only_audited_geometry" time="0.016" /><testcase classname="tests.test_run_assistant.TestRunRegistry" name="test_status_observer_is_best_effort_and_event_typed" time="0.002" /><testcase classname="tests.test_run_assistant.TestRunRegistry" name="test_public_status_events_and_reports_never_include_engine_output" time="0.031" /><testcase classname="tests.test_run_assistant.TestRunRegistry" name="test_active_eq_manifest_reconciles_a_status_that_wrongly_entered_prod" time="0.057" /><testcase classname="tests.test_run_assistant.TestRunRegistry" name="test_stale_eq_manifest_does_not_reopen_a_stopped_run_as_live" time="0.687" /><testcase classname="tests.test_run_assistant.TestRunTools" name="test_tools_are_all_read_only_and_server_binds_run_id" time="0.028" /><testcase classname="tests.test_run_assistant.TestRunTools" name="test_environment_tool_returns_only_redacted_capabilities" time="0.018" /><testcase classname="tests.test_run_assistant.TestRunTools" name="test_box_tool_returns_audited_geometry" time="0.014" /><testcase classname="tests.test_run_assistant.TestRunTools" name="test_md_eta_tool_returns_only_validated_gromacs_prediction" time="0.012" /><testcase classname="tests.test_run_assistant.TestRunTools" name="test_runtime_heartbeat_updates_status_without_appending_events" time="0.046" /><testcase classname="tests.test_run_assistant.TestRunTools" name="test_md_eta_tool_rejects_invalid_snapshot_and_handles_no_snapshot" time="0.010" /><testcase classname="tests.test_run_assistant.TestRunTools" name="test_list_runs_does_not_create_an_index_for_legacy_runs" time="0.002" /><testcase classname="tests.test_run_assistant.TestRunAssistant" name="test_assistant_answers_status_fast_path_without_llm" time="0.028" /><testcase classname="tests.test_run_assistant.TestRunAssistant" name="test_assistant_labels_waiting_confirmation_without_falling_back_to_unknown" time="0.000" /><testcase classname="tests.test_run_assistant.TestRunAssistant" name="test_assistant_can_call_only_bound_read_tool_for_complex_question" time="0.029" /><testcase classname="tests.test_run_assistant.TestRunAssistant" name="test_assistant_limits_history_to_six_compact_turns" time="0.024" /><testcase classname="tests.test_run_assistant.TestRunAssistant" name="test_assistant_degrades_complex_question_to_local_facts_without_llm" time="0.066" /><testcase classname="tests.test_run_assistant.TestRunAssistant" name="test_assistant_prefers_local_eta_and_waiting_heartbeat_times" time="0.000" /><testcase classname="tests.test_run_assistant.TestOrchestratorRunRegistration" name="test_prepared_workspace_registers_run_and_binds_state" time="0.171" /><testcase classname="tests.test_run_metadata" name="test_load_legacy_sections_keeps_protocol_separate_and_does_not_write" time="0.003" /><testcase classname="tests.test_run_metadata" name="test_section_reader_prefers_v2_and_falls_back_to_legacy" time="0.007" /><testcase classname="tests.test_run_metadata" name="test_explicit_legacy_migration_retains_old_files" time="0.008" /><testcase classname="tests.test_run_metadata" name="test_section_update_uses_global_and_section_compare_and_swap" time="0.009" /><testcase classname="tests.test_run_metadata" name="test_multi_section_update_is_one_atomic_global_revision" time="0.009" /><testcase classname="tests.test_run_metadata" name="test_migration_rejects_active_or_awaiting_runs[running]" time="0.002" /><testcase classname="tests.test_run_metadata" name="test_migration_rejects_active_or_awaiting_runs[awaiting_confirmation]" time="0.002" /><testcase classname="tests.test_run_metadata" name="test_migration_rejects_active_or_awaiting_runs[retrying]" time="0.001" /><testcase classname="tests.test_run_metadata" name="test_migration_rejects_pending_action_even_if_status_is_terminal" time="0.001" /><testcase classname="tests.test_run_metadata" name="test_migration_rejects_run_without_terminal_status_evidence" time="0.002" /><testcase classname="tests.test_run_metadata" name="test_active_migration_requires_explicit_opt_in" time="0.006" /><testcase classname="tests.test_run_provenance" name="test_provenance_is_run_local_redacted_and_tracks_config_revisions" time="0.023" /><testcase classname="tests.test_run_provenance" name="test_provenance_rejects_config_outside_current_run" time="0.002" /><testcase classname="tests.test_run_provenance" name="test_provenance_uses_unified_private_section_when_enabled" time="0.016" /><testcase classname="tests.test_run_store" name="test_manifest_read_modify_write_is_serialized" time="0.030" /><testcase classname="tests.test_run_store" name="test_events_and_decisions_share_one_monotonic_run_sequence" time="0.017" /><testcase classname="tests.test_run_store" name="test_pending_bundle_replays_missing_json_and_event_once" time="0.012" /><testcase classname="tests.test_simulation_execution" name="test_grompp_and_mdrun_returns_required_stage_artifacts" time="0.003" /><testcase classname="tests.test_simulation_execution" name="test_grompp_and_mdrun_uses_run_config_cpu_default" time="0.001" /><testcase classname="tests.test_simulation_execution" name="test_gromacs_reports_preprocess_and_run_as_public_activities" time="0.001" /><testcase classname="tests.test_simulation_execution" name="test_gromacs_routes_liveness_heartbeats_without_redefining_activity" time="0.001" /><testcase classname="tests.test_simulation_execution" name="test_mdp_reports_each_stage_as_public_progress" time="0.001" /><testcase classname="tests.test_simulation_execution" name="test_grompp_and_mdrun_passes_custom_tpr_to_mdrun" time="0.001" /><testcase classname="tests.test_simulation_execution" name="test_grompp_and_mdrun_rejects_missing_required_input" time="0.001" /><testcase classname="tests.test_simulation_execution" name="test_grompp_and_mdrun_rejects_success_without_required_output" time="0.001" /><testcase classname="tests.test_simulation_execution" name="test_mdrun_failure_has_private_process_evidence_and_mdrun_kind" time="0.001" /><testcase classname="tests.test_simulation_execution" name="test_detect_vacuum_region_from_final_eq_structure" time="0.003" /><testcase classname="tests.test_simulation_execution" name="test_eq_acceptance_uses_temperature_and_potential_slope_only" time="0.001" /><testcase classname="tests.test_simulation_execution" name="test_eq_acceptance_rejects_excessive_potential_slope" time="0.001" /><testcase classname="tests.test_simulation_execution" name="test_eq_vacuum_and_density_are_observations_not_blockers" time="0.016" /><testcase classname="tests.test_simulation_protocol" name="test_default_eq_mdp_has_six_segment_cumulative_points_and_actual_time" time="0.002" /><testcase classname="tests.test_simulation_protocol" name="test_run_mdp_metadata_is_embedded_in_md_manifest" time="0.007" /><testcase classname="tests.test_simulation_protocol" name="test_unified_run_manifest_keeps_md_evidence_and_protocol_in_private_sections" time="0.029" /><testcase classname="tests.test_simulation_protocol" name="test_partial_mdp_regeneration_preserves_other_stage_metadata" time="0.002" /><testcase classname="tests.test_simulation_protocol" name="test_eq_duration_boundaries_are_valid[7.0]" time="0.000" /><testcase classname="tests.test_simulation_protocol" name="test_eq_duration_boundaries_are_valid[100.0]" time="0.000" /><testcase classname="tests.test_simulation_protocol" name="test_eq_duration_outside_boundaries_is_rejected[6.999]" time="0.000" /><testcase classname="tests.test_simulation_protocol" name="test_eq_duration_outside_boundaries_is_rejected[100.001]" time="0.000" /><testcase classname="tests.test_simulation_protocol" name="test_prod_duration_boundaries_are_valid[2.0]" time="0.000" /><testcase classname="tests.test_simulation_protocol" name="test_prod_duration_boundaries_are_valid[200.0]" time="0.000" /><testcase classname="tests.test_simulation_protocol" name="test_prod_duration_outside_boundaries_is_rejected[1.999]" time="0.000" /><testcase classname="tests.test_simulation_protocol" name="test_prod_duration_outside_boundaries_is_rejected[200.001]" time="0.000" /><testcase classname="tests.test_simulation_protocol" name="test_short_final_hold_warns_and_disables_auto_acceptance" time="0.002" /><testcase classname="tests.test_simulation_protocol" name="test_potential_slope_acceptance_threshold_is_validated" time="0.000" /><testcase classname="tests.test_simulation_protocol" name="test_eq_cannot_run_without_accepted_em" time="0.007" /><testcase classname="tests.test_simulation_protocol" name="test_prod_requires_the_accepted_eq_checkpoint" time="0.011" /><testcase classname="tests.test_simulation_protocol" name="test_stage_manifest_keeps_mdrun_evidence_private_to_the_run" time="0.011" /><testcase classname="tests.test_simulation_protocol" name="test_prod_append_requires_matching_manifest_contract_and_checkpoint" time="0.006" /><testcase classname="tests.test_simulation_protocol" name="test_upstream_protocol_change_invalidates_downstream_acceptance" time="0.059" /><testcase classname="tests.test_simulation_protocol" name="test_config_edit_invalidates_changed_stage_and_all_downstream" time="0.034" /><testcase classname="tests.test_simulation_protocol" name="test_manifest_archives_each_config_revision_used_by_a_stage" time="0.009" /><testcase classname="tests.test_simulation_protocol" name="test_packing_number_density_changes_packmol_box_size_and_input" time="0.001" /><testcase classname="tests.test_simulation_protocol" name="test_mass_density_box_uses_topology_mass_and_explicit_pbc" time="0.000" /><testcase classname="tests.test_simulation_protocol" name="test_auto_box_config_derives_mass_from_run_local_itp" time="0.002" /><testcase classname="tests.test_simulation_protocol" name="test_packmol_uses_seekable_input_file" time="0.002" /><testcase classname="tests.test_simulation_protocol" name="test_packmol_failure_removes_stale_output_and_classifies_process_exit" time="0.002" /><testcase classname="tests.test_simulation_protocol" name="test_box_preflight_reports_missing_inputs_as_structured_evidence" time="0.002" /><testcase classname="tests.test_simulation_protocol" name="test_grompp_default_does_not_force_warning_bypass" time="0.002" /><testcase classname="tests.test_simulation_protocol" name="test_em_zero_step_convergence_gets_a_one_frame_xtc" time="0.002" /><testcase classname="tests.test_simulation_protocol" name="test_prod_end_time_prefers_physical_progress_over_wall_clock" time="0.002" /><testcase classname="tests.test_simulation_protocol" name="test_prod_frame_count_uses_gmx_check_summary" time="0.002" /><testcase classname="tests.test_stage_visualization" name="test_stage_visualization_converts_gro_after_acceptance" time="0.002" /><testcase classname="tests.test_stage_visualization" name="test_stale_conversion_cannot_publish_after_stage_source_changes" time="0.002" /><testcase classname=
[...]
r" name="test_mol2_conversion_returns_step_result_for_malformed_fchk" time="0.001" /><testcase classname="tests.test_toolist_quantum_topology.TestQuantumToolHandler" name="test_mol2_conversion_rejects_missing_bond_connectivity[NBond]" time="0.001" /><testcase classname="tests.test_toolist_quantum_topology.TestQuantumToolHandler" name="test_mol2_conversion_rejects_missing_bond_connectivity[IBond]" time="0.001" /><testcase classname="tests.test_toolist_quantum_topology.TestQuantumToolHandler" name="test_mol2_conversion_rejects_missing_bond_connectivity[RBond]" time="0.001" /><testcase classname="tests.test_toolist_quantum_topology.TestQuantumToolHandler" name="test_mol2_conversion_rejects_incomplete_coordinates" time="0.001" /><testcase classname="tests.test_toolist_quantum_topology.TestQuantumToolHandler" name="test_chg_retry_reports_missing_explicit_fchk[tools_retry_chg_g16]" time="0.001" /><testcase classname="tests.test_toolist_quantum_topology.TestQuantumToolHandler" name="test_chg_retry_reports_missing_explicit_fchk[tools_retry_chg_g09]" time="0.001" /><testcase classname="tests.test_toolist_quantum_topology.TestQuantumToolHandler" name="test_chg_retry_reports_missing_explicit_fchk[tools_retry_chg_orca]" time="0.001" /><testcase classname="tests.test_toolist_quantum_topology.TestTopologyToolDefinitions" name="test_six_tools_defined" time="0.000" /><testcase classname="tests.test_toolist_quantum_topology.TestTopologyToolDefinitions" name="test_all_tool_names" time="0.000" /><testcase classname="tests.test_toolist_quantum_topology.TestTopologyToolDefinitions" name="test_topology_config_tool_has_no_unused_default_charge" time="0.000" /><testcase classname="tests.test_toolist_quantum_topology.TestTopologyToolHandler" name="test_unknown_tool_returns_error" time="0.000" /><testcase classname="tests.test_toolist_quantum_topology.TestTopologyToolHandler" name="test_diagnose_tool_returns_result" time="0.000" /><testcase classname="tests.test_toolist_quantum_topology.TestTopologyToolHandler" name="test_diagnose_detects_atomtype_error" time="0.000" /><testcase classname="tests.test_toolist_quantum_topology.TestTopologyToolHandler" name="test_diagnose_detects_sobtop_exit_24" time="0.000" /><testcase classname="tests.test_toolist_quantum_topology.TestTopologyToolHandler" name="test_diagnose_detects_ligpargen_error" time="0.000" /><testcase classname="tests.test_toolist_quantum_topology.TestTopologyToolHandler" name="test_modify_config_requires_active_run" time="0.001" /><testcase classname="tests.test_toolist_quantum_topology.TestTopologyToolHandler" name="test_skip_molecule_topology_is_disabled" time="0.002" /><testcase classname="tests.test_toolist_quantum_topology.TestCrossToolistConsistency" name="test_all_tool_names_use_tools_prefix" time="0.000" /><testcase classname="tests.test_toolist_quantum_topology.TestCrossToolistConsistency" name="test_all_handlers_return_json_strings" time="0.000" /><testcase classname="tests.test_toolist_quantum_topology.TestCrossToolistConsistency" name="test_diagnosis_tools_all_use_diagnosis_marker" time="0.000" /><testcase classname="tests.test_toolist_quantum_topology" name="test_quantum_tool_catalog_exposes_g09_structure_and_charge_actions" time="0.000" /><testcase classname="tests.test_toolist_quantum_topology" name="test_g09_structure_retry_dispatches_to_g09_module" time="0.001" /><testcase classname="tests.test_toolist_simulation.TestSimulationToolDefinitions" name="test_fourteen_tools_defined" time="0.000" /><testcase classname="tests.test_toolist_simulation.TestSimulationToolDefinitions" name="test_all_tool_names_present" time="0.000" /><testcase classname="tests.test_toolist_simulation.TestSimulationToolDefinitions" name="test_tool_meta_covers_all_tools" time="0.000" /><testcase classname="tests.test_toolist_simulation.TestSimulationToolDefinitions" name="test_skip_molecule_is_not_exposed" time="0.000" /><testcase classname="tests.test_toolist_simulation.TestSimulationToolDefinitions" name="test_eq_schema_exposes_all_three_annealing_temperatures" time="0.000" /><testcase classname="tests.test_toolist_simulation.TestSimulationToolDefinitions" name="test_gromacs_run_tools_expose_file_contract" time="0.000" /><testcase classname="tests.test_toolist_simulation.TestSimulationToolDefinitions" name="test_protocol_tools_do_not_expose_model_confirmed_flag" time="0.000" /><testcase classname="tests.test_toolist_simulation.TestHandleSimulationToolCall" name="test_unknown_tool_returns_error" time="0.000" /><testcase classname="tests.test_toolist_simulation.TestHandleSimulationToolCall" name="test_step_to_dict_format" time="0.000" /><testcase classname="tests.test_toolist_simulation.TestHandleSimulationToolCall" name="test_migration_adoption_requires_confirmation_and_switches_active_config" time="0.022" /><testcase classname="tests.test_toolist_simulation.TestHandleSimulationToolCall" name="test_model_supplied_confirmed_flag_cannot_authorize_protocol_change" time="0.002" /><testcase classname="tests.test_toolist_simulation.TestRetryProd" name="test_run_prod_accepts_extra_mdrun" time="0.000" /><testcase classname="tests.test_toolist_simulation.TestRetryProd" name="test_grompp_and_mdrun_does_accept_extra_mdrun" time="0.000" /><testcase classname="tests.test_toolist_simulation.TestRetryProd" name="test_handler_does_not_inject_unverified_restart_flags" time="0.002" /><testcase classname="tests.test_toolist_simulation.TestRunGromacsTools" name="test_run_em_uses_bound_workspace" time="0.002" /><testcase classname="tests.test_toolist_simulation.TestRunGromacsTools" name="test_run_tool_rejects_path_outside_workspace" time="0.001" /><testcase classname="tests.test_toolist_simulation.TestRetryMdp" name="test_stage_is_forwarded_to_mdp_builder" time="0.007" /><testcase classname="tests.test_toolist_simulation.TestRetryMdp" name="test_all_stage_requests_all_mdp_files" time="0.006" /><testcase classname="tests.test_toolist_simulation.TestRetryMdp" name="test_eq_change_rebuilds_eq_and_prod" time="0.006" /><testcase classname="tests.test_toolist_simulation.TestRetryMdp" name="test_build_all_signature_accepts_overrides" time="0.000" /><testcase classname="tests.test_toolist_simulation.TestRetryMdp" name="test_keyword_override_call_is_correct" time="0.000" /><testcase classname="tests.test_toolist_simulation.TestModifyConfigSimulation" name="test_writes_to_config_json" time="0.006" /><testcase classname="tests.test_toolist_simulation.TestModifyConfigSimulation" name="test_reports_config_delta_after_the_run_snapshot_is_updated" time="0.006" /><testcase classname="tests.test_toolist_simulation.TestModifyConfigSimulation" name="test_missing_config_json" time="0.002" /><testcase classname="tests.test_toolist_simulation.TestModifyConfigSimulation" name="test_preserves_non_md_fields" time="0.006" /><testcase classname="tests.test_toolist_simulation" name="test_removed_skip_handler_does_not_mutate_configuration" time="0.002" /><testcase classname="tests.test_toolist_simulation.TestDiagnoseErrorSimulation" name="test_returns_diagnosis_result_format" time="0.000" /><testcase classname="tests.test_toolist_simulation.TestDiagnoseErrorSimulation" name="test_analyzes_grompp_stderr_for_atomtype" time="0.001" /><testcase classname="tests.test_toolist_simulation.TestDiagnoseErrorSimulation" name="test_analyzes_mdrun_stderr_for_nan" time="0.000" /><testcase classname="tests.test_toolist_simulation.TestStepResultSerialization" name="test_success_result_format" time="0.000" /><testcase classname="tests.test_toolist_simulation.TestStepResultSerialization" name="test_failure_result_format" time="0.000" /><testcase classname="tests.test_top_assembly" name="test_build_revises_itps_in_requested_topology_directory" time="0.005" /><testcase classname="tests.test_top_assembly" name="test_build_rejects_a_shared_topology_directory" time="0.000" /><testcase classname="tests.test_topology_contract.TestUnifiedTopologyManifest" name="test_write_uses_private_topology_section_when_unified_manifest_exists" time="0.010" /><testcase classname="tests.test_topology_contract.TestUnifiedTopologyManifest" name="test_legacy_topology_manifest_is_read_when_unified_manifest_is_absent" time="0.002" /><testcase classname="tests.test_topology_contract.TestUnifiedTopologyManifest" name="test_invalid_unified_manifest_never_falls_back_to_legacy_topology_data" time="0.002" /><testcase classname="tests.test_topology_contract.TestUnifiedTopologyManifest" name="test_topology_assembly_reads_and_updates_unified_section" time="0.015" /><testcase classname="tests.test_topology_contract.TestTopologyConfig" name="test_amber_and_unregistered_values_are_rejected" time="0.000" /><testcase classname="tests.test_topology_contract.TestTopologyConfig" name="test_legacy_contradictory_ligpargen_gaff_migrates_to_sobtop" time="0.000" /><testcase classname="tests.test_topology_contract.TestTopologyConfig" name="test_legacy_ligpargen_opls_migrates_to_oplsaa" time="0.000" /><testcase classname="tests.test_topology_contract.TestTopologyDispatcher" name="test_dispatch_rejects_path_like_residue_name" time="0.001" /><testcase classname="tests.test_topology_contract.TestTopologyDispatcher" name="test_sobtop_dispatch_uses_only_config_registered_components" time="0.002" /><testcase classname="tests.test_topology_contract.TestTopologyDispatcher" name="test_dispatch_does_not_reset_existing_retry_ledger" time="0.003" /><testcase classname="tests.test_topology_contract.TestTopologyDispatcher" name="test_opls_dispatch_passes_each_component_real_charge" time="0.003" /><testcase classname="tests.test_topology_contract.TestTopologyDispatcher" name="test_opls_backend_passes_charge_and_opls_options_to_ligpargen" time="0.001" /><testcase classname="tests.test_topology_contract.TestSobtopExecutor" name="test_frozen_menu_sequence" time="0.001" /><testcase classname="tests.test_topology_contract.TestSobtopExecutor" name="test_old_vendor_output_cannot_make_failed_run_succeed" time="0.003" /><testcase classname="tests.test_topology_contract.TestSobtopExecutor" name="test_rc24_requires_complete_valid_current_outputs" time="0.004" /><testcase classname="tests.test_topology_contract.TestSobtopExecutor" name="test_rc24_with_invalid_outputs_fails_and_cleans_vendor" time="0.002" /><testcase classname="tests.test_topology_contract.TestSobtopExecutor" name="test_startup_oserror_is_a_dependency_step_result" time="0.001" /><testcase classname="tests.test_topology_contract.TestSobtopExecutor" name="test_output_directory_must_be_explicit" time="0.001" /><testcase classname="tests.test_topology_contract.TestSobtopExecutor" name="test_real_sobtop_minimal_integration_when_available" time="0.000"><skipped type="pytest.skip" message="requires --run-external">/tmp/willy-regression-mvr0zkap/repo/tests/test_topology_contract.py:406: requires --run-external</skipped></testcase><testcase classname="tests.test_topology_contract.TestOplsExecutor" name="test_same_residue_concurrent_runs_are_isolated" time="0.009" /><testcase classname="tests.test_topology_contract.TestOplsExecutor" name="test_ligpargen_gets_a_private_legacy_babel_compatibility_entry" time="0.003" /><testcase classname="tests.test_topology_contract.TestOplsExecutor" name="test_startup_oserror_is_a_dependency_step_result" time="0.002" /><testcase classname="tests.test_topology_contract.TestOplsExecutor" name="test_output_directory_must_be_explicit" time="0.000" /><testcase classname="tests.test_topology_contract.TestOplsExecutor" name="test_path_like_output_name_is_rejected_before_any_write" time="0.001" /><testcase classname="tests.test_topology_contract.TestOplsExecutor" name="test_existing_output_symlink_cannot_escape_run_directory" time="0.002" /><testcase classname="tests.test_topology_contract.TestOplsExecutor" name="test_moleculetype_restore_failure_is_structured_and_cleans_outputs" time="0.003" /><testcase classname="tests.test_topology_contract.TestTopologyRetryLedger" name="test_config_tool_updates_opls_options_used_by_retry" time="0.007" /><testcase classname="tests.test_topology_contract.TestTopologyRetryLedger" name="test_retry_budget_is_persisted_and_enforced_by_backend_tool" time="0.004" /><testcase classname="tests.test_topology_contract.TestTopologyRetryLedger" name="test_total_retry_budget_rejects_fifth_claim" time="0.000" /><testcase classname="tests.test_topology_contract.TestArtifactAndAssemblyValidation" name="test_successful_assembly_retry_keeps_atomtypes" time="0.005" /><testcase classname="tests.test_topology_contract.TestArtifactAndAssemblyValidation" name="test_assembly_namespace_does_not_overwrite_similarly_named_source" time="0.003" /><testcase classname="tests.test_topology_contract.TestArtifactAndAssemblyValidation" name="test_missing_atomtypes_prevents_assembly" time="0.002" /><testcase classname="tests.test_topology_contract.TestArtifactAndAssemblyValidation" name="test_undefined_atomtype_reference_prevents_assembly" time="0.002" /><testcase classname="tests.test_topology_contract.TestArtifactAndAssemblyValidation" name="test_moleculetype_must_match_manifest_residue" time="0.002" /><testcase classname="tests.test_topology_contract.TestArtifactAndAssemblyValidation" name="test_missing_sections_and_atom_count_mismatch_fail" time="0.002" /><testcase classname="tests.test_topology_contract.TestArtifactAndAssemblyValidation" name="test_validate_moleculetype_against_expected_residue" time="0.001" /><testcase classname="tests.test_topology_contract.TestArtifactAndAssemblyValidation" name="test_manifest_missing_gro_prevents_assembly" time="0.002" /><testcase classname="tests.test_topology_contract.TestArtifactAndAssemblyValidation" name="test_manifest_artifact_tampering_prevents_assembly" time="0.002" /><testcase classname="tests.test_topology_contract.TestArtifactAndAssemblyValidation" name="test_gaff_uff_components_assemble_but_cross_family_is_rejected" time="0.006" /><testcase classname="tests.test_topology_contract.TestArtifactAndAssemblyValidation" name="test_atomtype_parameter_conflict_is_fatal" time="0.003" /><testcase classname="tests.test_topology_contract.TestArtifactAndAssemblyValidation" name="test_itp_revision_is_section_aware_and_idempotent" time="0.001" /><testcase classname="tests.test_topology_contract.TestArtifactAndAssemblyValidation" name="test_atomtype_conflict_escalates_without_llm_retry" time="0.001" /><testcase classname="tests.test_vendor_manifest" name="test_repository_vendor_inventory_has_no_integrity_drift" time="0.058" /><testcase classname="tests.test_vendor_manifest" name="test_vendor_inventory_reports_hash_drift" time="0.002" /><testcase classname="tests.test_vendor_manifest" name="test_vendor_inventory_keeps_unverified_distribution_as_release_blocker" time="0.002" /><testcase classname="tests.test_workflow_config" name="test_valid_v2_config_passes" time="0.000" /><testcase classname="tests.test_workflow_config" name="test_nproc_must_be_a_bounded_positive_integer[0]" time="0.000" /><testcase classname="tests.test_workflow_config" name="test_nproc_must_be_a_bounded_positive_integer[-1]" time="0.000" /><testcase classname="tests.test_workflow_config" name="test_nproc_must_be_a_bounded_positive_integer[1.5]" time="0.000" /><testcase classname="tests.test_workflow_config" name="test_nproc_must_be_a_bounded_positive_integer[8]" time="0.000" /><testcase classname="tests.test_workflow_config" name="test_nproc_must_be_a_bounded_positive_integer[True]" time="0.000" /><testcase classname="tests.test_workflow_config" name="test_nproc_must_be_a_bounded_positive_integer[4097]" time="0.000" /><testcase classname="tests.test_workflow_config" name="test_molecule_nproc_can_override_global_default" time="0.000" /><testcase classname="tests.test_workflow_config" name="test_execution_defaults_to_explicit_local_profileless_mode" time="0.000" /><testcase classname="tests.test_workflow_config" name="test_outer_schema_keeps_unknown_extensions_but_reports_them_structurally" time="0.000" /><testcase classname="tests.test_workflow_config" name="test_outer_schema_rejects_malformed_nested_sections_before_defaults" time="0.000" /><testcase classname="tests.test_workflow_config" name="test_execution_schema_rejects_private_connection_fields" time="0.000" /><testcase classname="tests.test_workflow_config" name="test_execution_can_explicitly_stop_a_trial_after_eq" time="0.000" /><testcase classname="tests.test_workflow_config" name="test_execution_rejects_any_stop_scope_other_than_eq[prod]" time="0.000" /><testcase classname="tests.test_workflow_config" name="test_execution_rejects_any_stop_scope_other_than_eq[em]" time="0.000" /><testcase classname="tests.test_workflow_config" name="test_execution_rejects_any_stop_scope_other_than_eq[]" time="0.000" /><testcase classname="tests.test_workflow_config" name="test_execution_rejects_any_stop_scope_other_than_eq[9]" time="0.000" /><testcase classname="tests.test_workflow_config" name="test_unknown_remote_profile_is_rejected_without_affecting_local_mode" time="0.002" /><testcase classname="tests.test_workflow_config" name="test_apply_config_rejects_invalid_outer_shape_without_writing" time="0.002" /><testcase classname="tests.test_workflow_config" name="test_apply_config_preserves_forward_compatible_extension" time="0.005" /><testcase classname="tests.test_workflow_config" name="test_malformed_config_returns_displayable_issues[None-config \u5fc5\u987b\u662f\u5bf9\u8c61]" time="0.000" /><testcase classname="tests.test_workflow_config" name="test_malformed_config_returns_displayable_issues[config1-residues \u5fc5\u987b\u662f\u5bf9\u8c61]" time="0.000" /><testcase classname="tests.test_workflow_config" name="test_malformed_config_returns_displayable_issues[config2-residues.A \u5fc5\u987b\u662f\u6570\u503c]" time="0.000" /><testcase classname="tests.test_workflow_config" name="test_malformed_config_returns_displayable_issues[config3-molecules \u5fc5\u987b\u662f\u5bf9\u8c61]" time="0.000" /><testcase classname="tests.test_workflow_config" name="test_legacy_durations_are_rejected_without_migration" time="0.000" /><testcase classname="tests.test_workflow_config" name="test_non_neutral_system_requires_confirmation" time="0.000" /><testcase classname="tests.test_workflow_config" name="test_invalid_eq_and_prod_boundaries_are_reported" time="0.000" /><testcase classname="tests.test_workflow_config" name="test_prod_temperature_must_match_eq_target" time="0.000" /><testcase classname="tests.test_workflow_config" name="test_special_system_rejects_isotropic_pressure_coupling" time="0.000" /><testcase classname="tests.test_workflow_config" name="test_defaults_create_schema_v2_without_legacy_fields" time="0.000" /><testcase classname="tests.test_workflow_config" name="test_defaults_preserve_existing_number_density_snapshot" time="0.000" /><testcase classname="tests.test_workflow_config" name="test_defaults_preserve_an_explicit_trr_output_request" time="0.000" /><testcase classname="tests.test_workflow_config" name="test_defaults_preserve_an_explicit_oplsaa_force_field_request" time="0.000" /><testcase classname="tests.test_workflow_config" name="test_config_prompt_describes_explicit_trr_and_oplsaa_requests" time="0.001" /><testcase classname="tests.test_workflow_config" name="test_defaults_preserve_legacy_fields_for_visible_rejection" time="0.000" /><testcase classname="tests.test_workflow_config" name="test_explicit_migration_writes_v2_and_mapping_without_overwriting_source" time="0.009" /><testcase classname="tests.test_workflow_config" name="test_confirmed_migration_adoption_replaces_active_config_with_valid_protocol" time="0.014" /><testcase classname="tests.test_workflow_config" name="test_annealing_temperatures_must_descend_strictly" time="0.000" /><testcase classname="tests.test_workflow_config" name="test_apply_config_writes_v2_snapshot" time="0.007" /><testcase classname="tests.test_workflow_config" name="test_apply_config_replaces_active_file_only_after_atomic_backup" time="0.010" /></testsuite></testsuites>